<?xml version="1.0" encoding="UTF-8" ?>
<testsuite tests="13" failures="0" name="edu.louisiana.cacs.csce450Project.SanityCheck" time="0.012" errors="0" skipped="0">
  <properties>
[...]
</properties>
  <testcase name="edu.louisiana.cacs.csce450Project.SanityCheck.testAddTwo" time="0.003"/>
  <testcase name="edu.louisiana.cacs.csce450Project.SanityCheck.testSubTwo" time="0"/>
  <testcase name="edu.louisiana.cacs.csce450Project.SanityCheck.testMultTwo" time="0"/>
  <testcase name="edu.louisiana.cacs.csce450Project.SanityCheck.testDivide" time="0"/>
  <testcase name="edu.louisiana.cacs.csce450Project.SanityCheck.testDivideByZero" time="0"/>
  <testcase name="edu.louisiana.cacs.csce450Project.SanityCheck.testThatAssertTrueAndAssertFalseWork" time="0"/>
  <testcase name="edu.louisiana.cacs.csce450Project.SanityCheck.testThatHamcrestVersionsOfAssertTrueFalseWork" time="0.004"/>
  <testcase name="edu.louisiana.cacs.csce450Project.SanityCheck.testThatAssertEqualsWorks" time="0"/>
  <testcase name="edu.louisiana.cacs.csce450Project.SanityCheck.testThatHamcrestVersionOfAssertEqualsWorks" time="0"/>
  <testcase name="edu.louisiana.cacs.csce450Project.SanityCheck.testThatAssertSameAndAssertNotSameWork" time="0"/>
  <testcase name="edu.louisiana.cacs.csce450Project.SanityCheck.testThatHamcrestVersionOfAssertSameAndAssertNotSameWork" time="0.001"/>
  <testcase name="edu.louisiana.cacs.csce450Project.SanityCheck.testThatAssertNullAndAssertNotNullWork" time="0"/>
  <testcase name="edu.louisiana.cacs.csce450Project.SanityCheck.testThatHamcrestVersionOfAssertNullAndNotNullWork" time="0"/>
</testsuite>